<?xml version="1.0" encoding="UTF-8"?>
<testsuite xmlns:xsi="http://www.w3.org/2001/XMLSchema-instance" xsi:noNamespaceSchemaLocation="https://maven.apache.org/surefire/maven-surefire-plugin/xsd/surefire-test-report-3.0.xsd" version="3.0" name="com.example.renderExamDemo.RenderExamDemoApplicationTests" time="11.245" tests="1" errors="0" skipped="0" failures="0">
  <properties>
[...]
</properties>
  <testcase name="contextLoads" classname="com.example.renderExamDemo.RenderExamDemoApplicationTests" time="4.314">
    <system-out><![CDATA[16:22:17.987 [main] INFO org.springframework.test.context.support.AnnotationConfigContextLoaderUtils -- Could not detect default configuration classes for test class [com.example.renderExamDemo.RenderExamDemoApplicationTests]: RenderExamDemoApplicationTests does not declare any static, non-private, non-final, nested classes annotated with @Configuration.
16:22:18.339 [main] INFO org.springframework.boot.test.context.SpringBootTestContextBootstrapper -- Found @SpringBootConfiguration com.example.renderExamDemo.RenderExamDemoApplication for test class com.example.renderExamDemo.RenderExamDemoApplicationTests
16:22:18.843 [main] INFO org.springframework.boot.devtools.restart.RestartApplicationListener -- Restart disabled due to context in which it is running

  .   ____          _            __ _ _
 /\\ / ___'_ __ _ _(_)_ __  __ _ \ \ \ \
( ( )\___ | '_ | '_| | '_ \/ _` | \ \ \ \
 \\/  ___)| |_)| | | | | || (_| |  ) ) ) )
  '  |____| .__|_| |_|_| |_\__, | / / / /
 =========|_|==============|___/=/_/_/_/
 :: Spring Boot ::                (v3.1.7)

2024-01-13T16:22:19.813+05:30  INFO 15636 --- [           main] c.e.r.RenderExamDemoApplicationTests     : Starting RenderExamDemoApplicationTests using Java 18 with PID 15636 (started by chouh in C:\Users\chouh\Downloads\renderExamDemo\renderExamDemo)
2024-01-13T16:22:19.816+05:30  INFO 15636 --- [           main] c.e.r.RenderExamDemoApplicationTests     : No active profile set, falling back to 1 default profile: "default"
2024-01-13T16:22:23.825+05:30  INFO 15636 --- [           main] o.s.b.a.w.s.WelcomePageHandlerMapping    : Adding welcome page template: index
2024-01-13T16:22:24.261+05:30  INFO 15636 --- [           main] c.e.r.RenderExamDemoApplicationTests     : Started RenderExamDemoApplicationTests in 5.465 seconds (process running for 8.266)
]]></system-out>
  </testcase>
</testsuite>